Using pre-set license
Built from '2022.3/staging' branch; Version is '2022.3.16f1 (d2c21f0ef2f1) revision 13812255'; Using compiler version '192829333'; Build Type 'Release'
OS: 'Windows 10  (10.0.19045) 64bit Core' Language: 'el' Physical Memory: 7985 MB
BatchMode: 1, IsHumanControllingUs: 0, StartBugReporterOnCrash: 0, Is64bit: 1, IsPro: 1

COMMAND LINE ARGUMENTS:
C:\Program Files\Unity\Hub\Editor\2022.3.16f1\Editor\Unity.exe
-adb2
-batchMode
-noUpm
-name
AssetImportWorker0
-projectPath
C:/Users/user/Desktop/2D RPG
-logFile
Logs/AssetImportWorker0.log
-srvPort
56319
Successfully changed project path to: C:/Users/user/Desktop/2D RPG
C:/Users/user/Desktop/2D RPG
[UnityMemory] Configuration Parameters - Can be set up in boot.config
    "memorysetup-bucket-allocator-granularity=16"
    "memorysetup-bucket-allocator-bucket-count=8"
    "memorysetup-bucket-allocator-block-size=33554432"
    "memorysetup-bucket-allocator-block-count=8"
    "memorysetup-main-allocator-block-size=16777216"
    "memorysetup-thread-allocator-block-size=16777216"
    "memorysetup-gfx-main-allocator-block-size=16777216"
    "memorysetup-gfx-thread-allocator-block-size=16777216"
    "memorysetup-cache-allocator-block-size=4194304"
    "memorysetup-typetree-allocator-block-size=2097152"
    "memorysetup-profiler-bucket-allocator-granularity=16"
    "memorysetup-profiler-bucket-allocator-bucket-count=8"
    "memorysetup-profiler-bucket-allocator-block-size=33554432"
    "memorysetup-profiler-bucket-allocator-block-count=8"
    "memorysetup-profiler-allocator-block-size=16777216"
    "memorysetup-profiler-editor-allocator-block-size=1048576"
    "memorysetup-temp-allocator-size-main=16777216"
    "memorysetup-job-temp-allocator-block-size=2097152"
    "memorysetup-job-temp-allocator-block-size-background=1048576"
    "memorysetup-job-temp-allocator-reduction-small-platforms=262144"
    "memorysetup-allocator-temp-initial-block-size-main=262144"
    "memorysetup-allocator-temp-initial-block-size-worker=262144"
    "memorysetup-temp-allocator-size-background-worker=32768"
    "memorysetup-temp-allocator-size-job-worker=262144"
    "memorysetup-temp-allocator-size-preload-manager=33554432"
    "memorysetup-temp-allocator-size-nav-mesh-worker=65536"
    "memorysetup-temp-allocator-size-audio-worker=65536"
    "memorysetup-temp-allocator-size-cloud-worker=32768"
    "memorysetup-temp-allocator-size-gi-baking-worker=262144"
    "memorysetup-temp-allocator-size-gfx=262144"
Player connection [33492] Host "[IP] 192.168.1.10 [Port] 0 [Flags] 2 [Guid] 764173099 [EditorId] 764173099 [Version] 1048832 [Id] WindowsEditor(7,DESKTOP-S8OB183) [Debug] 1 [PackageName] WindowsEditor [ProjectName] Editor" joined multi-casting on [225.0.0.222:54997]...

Player connection [33492] Host "[IP] 192.168.1.10 [Port] 0 [Flags] 2 [Guid] 764173099 [EditorId] 764173099 [Version] 1048832 [Id] WindowsEditor(7,DESKTOP-S8OB183) [Debug] 1 [PackageName] WindowsEditor [ProjectName] Editor" joined alternative multi-casting on [225.0.0.222:34997]...

[Physics::Module] Initialized MultithreadedJobDispatcher with 11 workers.
Refreshing native plugins compatible for Editor in 32.72 ms, found 4 plugins.
Preloading 0 native plugins for Editor in 0.00 ms.
Initialize engine version: 2022.3.16f1 (d2c21f0ef2f1)
[Subsystems] Discovering subsystems at path C:/Program Files/Unity/Hub/Editor/2022.3.16f1/Editor/Data/Resources/UnitySubsystems
[Subsystems] Discovering subsystems at path C:/Users/user/Desktop/2D RPG/Assets
GfxDevice: creating device client; threaded=0; jobified=0
Direct3D:
    Version:  Direct3D 11.0 [level 11.1]
    Renderer: NVIDIA GeForce GTX 1650 Ti (ID=0x1f95)
    Vendor:   NVIDIA
    VRAM:     3962 MB
    Driver:   30.0.15.1272
Initialize mono
Mono path[0] = 'C:/Program Files/Unity/Hub/Editor/2022.3.16f1/Editor/Data/Managed'
Mono path[1] = 'C:/Program Files/Unity/Hub/Editor/2022.3.16f1/Editor/Data/MonoBleedingEdge/lib/mono/unityjit-win32'
Mono config path = 'C:/Program Files/Unity/Hub/Editor/2022.3.16f1/Editor/Data/MonoBleedingEdge/etc'
Using monoOptions --debugger-agent=transport=dt_socket,embedding=1,server=y,suspend=n,address=127.0.0.1:56632
Begin MonoManager ReloadAssembly
Registering precompiled unity dll's ...
Register platform support module: C:/Program Files/Unity/Hub/Editor/2022.3.16f1/Editor/Data/PlaybackEngines/WebGLSupport/UnityEditor.WebGL.Extensions.dll
Register platform support module: C:/Program Files/Unity/Hub/Editor/2022.3.16f1/Editor/Data/PlaybackEngines/WindowsStandaloneSupport/UnityEditor.WindowsStandalone.Extensions.dll
Registered in 0.022086 seconds.
- Loaded All Assemblies, in  0.674 seconds
Native extension for WindowsStandalone target not found
Native extension for WebGL target not found
Mono: successfully reloaded assembly
- Finished resetting the current domain, in  0.489 seconds
Domain Reload Profiling: 1161ms
	BeginReloadAssembly (232ms)
		ExecutionOrderSort (0ms)
		DisableScriptedObjects (0ms)
		BackupInstance (0ms)
		ReleaseScriptingObjects (0ms)
		CreateAndSetChildDomain (2ms)
	RebuildCommonClasses (61ms)
	RebuildNativeTypeToScriptingClass (14ms)
	initialDomainReloadingComplete (105ms)
	LoadAllAssembliesAndSetupDomain (258ms)
		LoadAssemblies (222ms)
		RebuildTransferFunctionScriptingTraits (0ms)
		AnalyzeDomain (255ms)
			TypeCache.Refresh (252ms)
				TypeCache.ScanAssembly (230ms)
			ScanForSourceGeneratedMonoScriptInfo (1ms)
			ResolveRequiredComponents (1ms)
	FinalizeReload (490ms)
		ReleaseScriptCaches (0ms)
		RebuildScriptCaches (0ms)
		SetupLoadedEditorAssemblies (391ms)
			LogAssemblyErrors (0ms)
			InitializePlatformSupportModulesInManaged (18ms)
			SetLoadedEditorAssemblies (10ms)
			RefreshPlugins (0ms)
			BeforeProcessingInitializeOnLoad (4ms)
			ProcessInitializeOnLoadAttributes (278ms)
			ProcessInitializeOnLoadMethodAttributes (81ms)
			AfterProcessingInitializeOnLoad (0ms)
			EditorAssembliesLoaded (1ms)
		ExecutionOrderSort2 (0ms)
		AwakeInstancesAfterBackupRestoration (0ms)
========================================================================
Worker process is ready to serve import requests
Begin MonoManager ReloadAssembly
- Loaded All Assemblies, in  1.178 seconds
Refreshing native plugins compatible for Editor in 16.05 ms, found 4 plugins.
Native extension for WindowsStandalone target not found
Native extension for WebGL target not found
Package Manager log level set to [2]
[Package Manager] Server::EnsureServerProcessIsRunning -- launch failed, reason: Unity was launched with the -noUpm command-line argument
[Package Manager] UpmClient::Send -- Unable to send message (not connected to UPM process).
[Package Manager] Cannot connect to Unity Package Manager local server
Mono: successfully reloaded assembly
- Finished resetting the current domain, in  1.270 seconds
Domain Reload Profiling: 2443ms
	BeginReloadAssembly (244ms)
		ExecutionOrderSort (0ms)
		DisableScriptedObjects (11ms)
		BackupInstance (0ms)
		ReleaseScriptingObjects (0ms)
		CreateAndSetChildDomain (34ms)
	RebuildCommonClasses (58ms)
	RebuildNativeTypeToScriptingClass (17ms)
	initialDomainReloadingComplete (67ms)
	LoadAllAssembliesAndSetupDomain (787ms)
		LoadAssemblies (602ms)
		RebuildTransferFunctionScriptingTraits (0ms)
		AnalyzeDomain (320ms)
			TypeCache.Refresh (277ms)
				TypeCache.ScanAssembly (251ms)
			ScanForSourceGeneratedMonoScriptInfo (35ms)
			ResolveRequiredComponents (6ms)
	FinalizeReload (1271ms)
		ReleaseScriptCaches (0ms)
		RebuildScriptCaches (0ms)
		SetupLoadedEditorAssemblies (1004ms)
			LogAssemblyErrors (0ms)
			InitializePlatformSupportModulesInManaged (14ms)
			SetLoadedEditorAssemblies (7ms)
			RefreshPlugins (0ms)
			BeforeProcessingInitializeOnLoad (111ms)
			ProcessInitializeOnLoadAttributes (801ms)
			ProcessInitializeOnLoadMethodAttributes (58ms)
			AfterProcessingInitializeOnLoad (13ms)
			EditorAssembliesLoaded (0ms)
		ExecutionOrderSort2 (0ms)
		AwakeInstancesAfterBackupRestoration (11ms)
Launched and connected shader compiler UnityShaderCompiler.exe after 0.09 seconds
Refreshing native plugins compatible for Editor in 9.35 ms, found 4 plugins.
Preloading 0 native plugins for Editor in 0.00 ms.
Unloading 4018 Unused Serialized files (Serialized files now loaded: 0)
Unloading 70 unused Assets / (244.4 KB). Loaded Objects now: 4473.
Memory consumption went from 144.8 MB to 144.5 MB.
Total: 9.503500 ms (FindLiveObjects: 0.503800 ms CreateObjectMapping: 1.185100 ms MarkObjects: 7.357100 ms  DeleteObjects: 0.455800 ms)

AssetImportParameters requested are different than current active one (requested -> active):
  custom:container-demuxer-ogg: 62fdf1f143b41e24485cea50d1cbac27 -> 
  custom:video-decoder-ogg-theora: a1e56fd34408186e4bbccfd4996cb3dc -> 
  custom:framework-win-MediaFoundation: 216162199b28c13a410421893ffa2e32 -> 
  custom:CustomObjectIndexerAttribute: 43b350a4d6e6d1791af0b5038c4bea17 -> 
  custom:container-demuxer-webm: 4f35f7cbe854078d1ac9338744f61a02 -> 
  custom:container-muxer-webm: aa71ff27fc2769a1b78a27578f13a17b -> 
  custom:video-decoder-webm-vp8: 9c59270c3fd7afecdb556c50c9e8de78 -> 
  custom:SearchIndexIgnoredProperties: e643bd26f0fe6173181afceb89e7c659 -> 
  custom:AudioImporter_EditorPlatform: d09bf68614088b80899f8185d706f6e7 -> 
  custom:video-encoder-webm-vp8: eb34c28f22e8b96e1ab97ce403110664 -> 
  custom:audio-decoder-ogg-vorbis: bf7c407c2cedff20999df2af8eb42d56 -> 
  custom:audio-encoder-webm-vorbis: bf7c407c2cedff20999df2af8eb42d56 -> 
========================================================================
Received Import Request.
  Time since last request: 1205236.564618 seconds.
  path: Assets/Art
  artifactKey: Guid(f3d39e1bda027384a9f327a7519bd4ee) Importer(815301076,1909f56bfc062723c751e8b465ee728b)
Start importing Assets/Art using Guid(f3d39e1bda027384a9f327a7519bd4ee) Importer(815301076,1909f56bfc062723c751e8b465ee728b)  -> (artifact id: '1d4d3645723e821488c003dd6fe12a59') in 0.024078 seconds
Number of updated asset objects reloaded before import = 0
Number of asset objects unloaded after import = 0
========================================================================
Received Import Request.
  Time since last request: 14.036582 seconds.
  path: Assets/Art/2D RPG mystic woods sprites
  artifactKey: Guid(bc95264b27e3426458e4e264cc24fd85) Importer(815301076,1909f56bfc062723c751e8b465ee728b)
Start importing Assets/Art/2D RPG mystic woods sprites using Guid(bc95264b27e3426458e4e264cc24fd85) Importer(815301076,1909f56bfc062723c751e8b465ee728b)  -> (artifact id: 'da4db3aa6dc84cf36dbfa846649aa1df') in 0.001158 seconds
Number of updated asset objects reloaded before import = 0
Number of asset objects unloaded after import = 0
========================================================================
Received Import Request.
  Time since last request: 2.161688 seconds.
  path: Assets/Art/2D RPG mystic woods sprites/characters
  artifactKey: Guid(0d1a4ec78e2445840ba8bf551e86b1d3) Importer(815301076,1909f56bfc062723c751e8b465ee728b)
Start importing Assets/Art/2D RPG mystic woods sprites/characters using Guid(0d1a4ec78e2445840ba8bf551e86b1d3) Importer(815301076,1909f56bfc062723c751e8b465ee728b)  -> (artifact id: '4a1b5c74aaa0f29ca414147416ce4d06') in 0.000808 seconds
Number of updated asset objects reloaded before import = 0
Number of asset objects unloaded after import = 0
========================================================================
Received Import Request.
  Time since last request: 0.071375 seconds.
  path: Assets/Art/2D RPG mystic woods sprites/characters/player.png
  artifactKey: Guid(d44a0516354cce94581692da58de8289) Importer(815301076,1909f56bfc062723c751e8b465ee728b)
Start importing Assets/Art/2D RPG mystic woods sprites/characters/player.png using Guid(d44a0516354cce94581692da58de8289) Importer(815301076,1909f56bfc062723c751e8b465ee728b)  -> (artifact id: '2e6ceea79ee3692ce33e389a770bf78b') in 0.181376 seconds
Number of updated asset objects reloaded before import = 0
Number of asset objects unloaded after import = 3
========================================================================
Received Import Request.
  Time since last request: 0.000047 seconds.
  path: Assets/Art/2D RPG mystic woods sprites/characters/slime.png
  artifactKey: Guid(abd9813862368c94e9e6dee9585b7ccd) Importer(815301076,1909f56bfc062723c751e8b465ee728b)
Start importing Assets/Art/2D RPG mystic woods sprites/characters/slime.png using Guid(abd9813862368c94e9e6dee9585b7ccd) Importer(815301076,1909f56bfc062723c751e8b465ee728b)  -> (artifact id: '16206d6102c9ffb55be064bb9343b826') in 0.032468 seconds
Number of updated asset objects reloaded before import = 0
Number of asset objects unloaded after import = 3
========================================================================
Received Import Request.
  Time since last request: 11.249364 seconds.
  path: Assets/Art/2D RPG mystic woods sprites/characters/player.png
  artifactKey: Guid(d44a0516354cce94581692da58de8289) Importer(815301076,1909f56bfc062723c751e8b465ee728b)
Start importing Assets/Art/2D RPG mystic woods sprites/characters/player.png using Guid(d44a0516354cce94581692da58de8289) Importer(815301076,1909f56bfc062723c751e8b465ee728b)  -> (artifact id: 'ad358e9a38960b0eb66591d3d604acf6') in 0.022068 seconds
Number of updated asset objects reloaded before import = 0
Number of asset objects unloaded after import = 2
========================================================================
Received Import Request.
  Time since last request: 19.551911 seconds.
  path: Assets/Art/2D RPG mystic woods sprites/characters/player.png
  artifactKey: Guid(d44a0516354cce94581692da58de8289) Importer(815301076,1909f56bfc062723c751e8b465ee728b)
Start importing Assets/Art/2D RPG mystic woods sprites/characters/player.png using Guid(d44a0516354cce94581692da58de8289) Importer(815301076,1909f56bfc062723c751e8b465ee728b)  -> (artifact id: '348df7fe0d0484dd9b7c12a2790397ba') in 0.214346 seconds
Number of updated asset objects reloaded before import = 0
Number of asset objects unloaded after import = 53
========================================================================
Received Import Request.
  Time since last request: 31.139110 seconds.
  path: Assets/Art/2D RPG mystic woods sprites/characters/slime.png
  artifactKey: Guid(abd9813862368c94e9e6dee9585b7ccd) Importer(815301076,1909f56bfc062723c751e8b465ee728b)
Start importing Assets/Art/2D RPG mystic woods sprites/characters/slime.png using Guid(abd9813862368c94e9e6dee9585b7ccd) Importer(815301076,1909f56bfc062723c751e8b465ee728b)  -> (artifact id: 'be625f99f6ef4db00507854642222947') in 0.021357 seconds
Number of updated asset objects reloaded before import = 0
Number of asset objects unloaded after import = 2
========================================================================
Received Import Request.
  Time since last request: 11.943898 seconds.
  path: Assets/Art/2D RPG mystic woods sprites/characters/slime.png
  artifactKey: Guid(abd9813862368c94e9e6dee9585b7ccd) Importer(815301076,1909f56bfc062723c751e8b465ee728b)
Start importing Assets/Art/2D RPG mystic woods sprites/characters/slime.png using Guid(abd9813862368c94e9e6dee9585b7ccd) Importer(815301076,1909f56bfc062723c751e8b465ee728b)  -> (artifact id: '37f932783643140071690c2325c02527') in 0.092397 seconds
Number of updated asset objects reloaded before import = 0
Number of asset objects unloaded after import = 27
========================================================================
Received Import Request.
  Time since last request: 89.418562 seconds.
  path: ProjectSettings/TagManager.asset
  artifactKey: Guid(00000000000000003000000000000000) Importer(815301076,1909f56bfc062723c751e8b465ee728b)
Start importing ProjectSettings/TagManager.asset using Guid(00000000000000003000000000000000) Importer(815301076,1909f56bfc062723c751e8b465ee728b)  -> (artifact id: '6b9326e97e2461385864aa44f9e28ada') in 0.002444 seconds
Number of updated asset objects reloaded before import = 0
Number of asset objects unloaded after import = 0
========================================================================
Received Import Request.
  Time since last request: 39.692051 seconds.
  path: Assets/Characters
  artifactKey: Guid(65bda061498423241a60d3867b2ad950) Importer(815301076,1909f56bfc062723c751e8b465ee728b)
Start importing Assets/Characters using Guid(65bda061498423241a60d3867b2ad950) Importer(815301076,1909f56bfc062723c751e8b465ee728b)  -> (artifact id: 'b12369a34c4db35b1755770a967175ee') in 0.000945 seconds
Number of updated asset objects reloaded before import = 0
Number of asset objects unloaded after import = 0
========================================================================
Received Import Request.
  Time since last request: 5.467342 seconds.
  path: Assets/Characters/Npc
  artifactKey: Guid(56dfa187eccc0b14e87892a93cce78df) Importer(815301076,1909f56bfc062723c751e8b465ee728b)
Start importing Assets/Characters/Npc using Guid(56dfa187eccc0b14e87892a93cce78df) Importer(815301076,1909f56bfc062723c751e8b465ee728b)  -> (artifact id: '3d5afd86e6042806cd9250baff43caff') in 0.012093 seconds
Number of updated asset objects reloaded before import = 0
Number of asset objects unloaded after import = 0
========================================================================
Received Import Request.
  Time since last request: 5.162560 seconds.
  path: Assets/Characters/Npc/Player
  artifactKey: Guid(8706d93989e533a4d9434406758595e7) Importer(815301076,1909f56bfc062723c751e8b465ee728b)
Start importing Assets/Characters/Npc/Player using Guid(8706d93989e533a4d9434406758595e7) Importer(815301076,1909f56bfc062723c751e8b465ee728b)  -> (artifact id: 'efa515bf61f2b281dd2f92055830e7f9') in 0.007351 seconds
Number of updated asset objects reloaded before import = 0
Number of asset objects unloaded after import = 0
========================================================================
Received Import Request.
  Time since last request: 25.835335 seconds.
  path: Assets/Characters/Player
  artifactKey: Guid(80f56b62ecf12ea47b78e87098fe0f62) Importer(815301076,1909f56bfc062723c751e8b465ee728b)
Start importing Assets/Characters/Player using Guid(80f56b62ecf12ea47b78e87098fe0f62) Importer(815301076,1909f56bfc062723c751e8b465ee728b)  -> (artifact id: '7719d6827996e6ca2a58fbacc45be0f2') in 0.005456 seconds
Number of updated asset objects reloaded before import = 0
Number of asset objects unloaded after import = 0
========================================================================
Received Import Request.
  Time since last request: 2.978732 seconds.
  path: Assets/Characters/Player/Player.prefab
  artifactKey: Guid(9bd63321ba135764b9656619e4a8bd9f) Importer(815301076,1909f56bfc062723c751e8b465ee728b)
Start importing Assets/Characters/Player/Player.prefab using Guid(9bd63321ba135764b9656619e4a8bd9f) Importer(815301076,1909f56bfc062723c751e8b465ee728b)  -> (artifact id: '73de62611265241e804f097379055f2e') in 0.129474 seconds
Number of updated asset objects reloaded before import = 0
Number of asset objects unloaded after import = 7
========================================================================
Received Import Request.
  Time since last request: 3.715002 seconds.
  path: Assets/Characters/Npc/Npc.prefab
  artifactKey: Guid(f1e653dd70ef71240aee50187bb150a1) Importer(815301076,1909f56bfc062723c751e8b465ee728b)
Start importing Assets/Characters/Npc/Npc.prefab using Guid(f1e653dd70ef71240aee50187bb150a1) Importer(815301076,1909f56bfc062723c751e8b465ee728b)  -> (artifact id: 'b753b28b8c22c11b22ef876fd6b3fbd0') in 0.017364 seconds
Number of updated asset objects reloaded before import = 0
Number of asset objects unloaded after import = 7
========================================================================
Received Prepare
Begin MonoManager ReloadAssembly
- Loaded All Assemblies, in  1.402 seconds
Refreshing native plugins compatible for Editor in 11.68 ms, found 4 plugins.
Native extension for WindowsStandalone target not found
Native extension for WebGL target not found
[Package Manager] Server::EnsureServerProcessIsRunning -- launch failed, reason: Unity was launched with the -noUpm command-line argument
[Package Manager] UpmClient::Send -- Unable to send message (not connected to UPM process).
[Package Manager] Cannot connect to Unity Package Manager local server
Mono: successfully reloaded assembly
- Finished resetting the current domain, in  2.448 seconds
Domain Reload Profiling: 3846ms
	BeginReloadAssembly (517ms)
		ExecutionOrderSort (0ms)
		DisableScriptedObjects (25ms)
		BackupInstance (0ms)
		ReleaseScriptingObjects (1ms)
		CreateAndSetChildDomain (136ms)
	RebuildCommonClasses (61ms)
	RebuildNativeTypeToScriptingClass (21ms)
	initialDomainReloadingComplete (61ms)
	LoadAllAssembliesAndSetupDomain (736ms)
		LoadAssemblies (986ms)
		RebuildTransferFunctionScriptingTraits (0ms)
		AnalyzeDomain (52ms)
			TypeCache.Refresh (29ms)
				TypeCache.ScanAssembly (0ms)
			ScanForSourceGeneratedMonoScriptInfo (0ms)
			ResolveRequiredComponents (21ms)
	FinalizeReload (2449ms)
		ReleaseScriptCaches (0ms)
		RebuildScriptCaches (0ms)
		SetupLoadedEditorAssemblies (889ms)
			LogAssemblyErrors (0ms)
			InitializePlatformSupportModulesInManaged (19ms)
			SetLoadedEditorAssemblies (10ms)
			RefreshPlugins (0ms)
			BeforeProcessingInitializeOnLoad (98ms)
			ProcessInitializeOnLoadAttributes (694ms)
			ProcessInitializeOnLoadMethodAttributes (55ms)
			AfterProcessingInitializeOnLoad (12ms)
			EditorAssembliesLoaded (1ms)
		ExecutionOrderSort2 (0ms)
		AwakeInstancesAfterBackupRestoration (19ms)
Refreshing native plugins compatible for Editor in 5.20 ms, found 4 plugins.
Preloading 0 native plugins for Editor in 0.00 ms.
Unloading 4012 Unused Serialized files (Serialized files now loaded: 0)
Unloading 42 unused Assets / (216.6 KB). Loaded Objects now: 4493.
Memory consumption went from 149.6 MB to 149.4 MB.
Total: 4.187700 ms (FindLiveObjects: 0.330900 ms CreateObjectMapping: 0.262600 ms MarkObjects: 3.388900 ms  DeleteObjects: 0.204200 ms)

Prepare: number of updated asset objects reloaded= 0
AssetImportParameters requested are different than current active one (requested -> active):
  custom:container-demuxer-ogg: 62fdf1f143b41e24485cea50d1cbac27 -> 
  custom:video-decoder-ogg-theora: a1e56fd34408186e4bbccfd4996cb3dc -> 
  custom:framework-win-MediaFoundation: 216162199b28c13a410421893ffa2e32 -> 
  custom:CustomObjectIndexerAttribute: 43b350a4d6e6d1791af0b5038c4bea17 -> 
  custom:container-demuxer-webm: 4f35f7cbe854078d1ac9338744f61a02 -> 
  custom:container-muxer-webm: aa71ff27fc2769a1b78a27578f13a17b -> 
  custom:video-decoder-webm-vp8: 9c59270c3fd7afecdb556c50c9e8de78 -> 
  custom:SearchIndexIgnoredProperties: e643bd26f0fe6173181afceb89e7c659 -> 
  custom:AudioImporter_EditorPlatform: d09bf68614088b80899f8185d706f6e7 -> 
  custom:video-encoder-webm-vp8: eb34c28f22e8b96e1ab97ce403110664 -> 
  custom:audio-decoder-ogg-vorbis: bf7c407c2cedff20999df2af8eb42d56 -> 
  custom:audio-encoder-webm-vorbis: bf7c407c2cedff20999df2af8eb42d56 -> 
========================================================================
Received Import Request.
  Time since last request: 48.466357 seconds.
  path: Assets/Art/2D RPG mystic woods sprites/objects
  artifactKey: Guid(026b278d5d5a4aa488a7b7a1e5ec70c2) Importer(815301076,1909f56bfc062723c751e8b465ee728b)
Start importing Assets/Art/2D RPG mystic woods sprites/objects using Guid(026b278d5d5a4aa488a7b7a1e5ec70c2) Importer(815301076,1909f56bfc062723c751e8b465ee728b)  -> (artifact id: '5133607160c7a4a3737cee58115f5f0c') in 0.005992 seconds
Number of updated asset objects reloaded before import = 0
Number of asset objects unloaded after import = 0
========================================================================
Received Import Request.
  Time since last request: 0.123401 seconds.
  path: Assets/Art/2D RPG mystic woods sprites/objects/chest_01.png
  artifactKey: Guid(af2d1bd89970ccd41904c31818da2c86) Importer(815301076,1909f56bfc062723c751e8b465ee728b)
Start importing Assets/Art/2D RPG mystic woods sprites/objects/chest_01.png using Guid(af2d1bd89970ccd41904c31818da2c86) Importer(815301076,1909f56bfc062723c751e8b465ee728b)  -> (artifact id: '64eb3fcf2df2c156d307cc5fdc43da9e') in 0.130230 seconds
Number of updated asset objects reloaded before import = 0
Number of asset objects unloaded after import = 3
========================================================================
Received Import Request.
  Time since last request: 0.138679 seconds.
  path: Assets/Art/2D RPG mystic woods sprites/objects/rock_in_water_01.png
  artifactKey: Guid(27df8613847d3be4caaa3fd02220df6f) Importer(815301076,1909f56bfc062723c751e8b465ee728b)
Start importing Assets/Art/2D RPG mystic woods sprites/objects/rock_in_water_01.png using Guid(27df8613847d3be4caaa3fd02220df6f) Importer(815301076,1909f56bfc062723c751e8b465ee728b)  -> (artifact id: 'dd6fc6d24a65d5c972ba0cd073932b81') in 0.024132 seconds
Number of updated asset objects reloaded before import = 0
Number of asset objects unloaded after import = 3
========================================================================
Received Import Request.
  Time since last request: 0.000025 seconds.
  path: Assets/Art/2D RPG mystic woods sprites/objects/objects.png
  artifactKey: Guid(7452cfe36eb7f2744ab6f468e2ae387c) Importer(815301076,1909f56bfc062723c751e8b465ee728b)
Start importing Assets/Art/2D RPG mystic woods sprites/objects/objects.png using Guid(7452cfe36eb7f2744ab6f468e2ae387c) Importer(815301076,1909f56bfc062723c751e8b465ee728b)  -> (artifact id: '90f4281bcecc8b746d6f1291412352ea') in 0.025536 seconds
Number of updated asset objects reloaded before import = 0
Number of asset objects unloaded after import = 3
========================================================================
Received Import Request.
  Time since last request: 0.016899 seconds.
  path: Assets/Art/2D RPG mystic woods sprites/objects/rock_in_water_04.png
  artifactKey: Guid(400a296e4603e934f9902615315352e2) Importer(815301076,1909f56bfc062723c751e8b465ee728b)
Start importing Assets/Art/2D RPG mystic woods sprites/objects/rock_in_water_04.png using Guid(400a296e4603e934f9902615315352e2) Importer(815301076,1909f56bfc062723c751e8b465ee728b)  -> (artifact id: 'b7d0adf3dde6ed9995fdbd48c681c544') in 0.019902 seconds
Number of updated asset objects reloaded before import = 0
Number of asset objects unloaded after import = 3
========================================================================
Received Import Request.
  Time since last request: 0.000019 seconds.
  path: Assets/Art/2D RPG mystic woods sprites/objects/rock_in_water_06.png
  artifactKey: Guid(4e2fc4d19ba79b041b9718af565d9905) Importer(815301076,1909f56bfc062723c751e8b465ee728b)
Start importing Assets/Art/2D RPG mystic woods sprites/objects/rock_in_water_06.png using Guid(4e2fc4d19ba79b041b9718af565d9905) Importer(815301076,1909f56bfc062723c751e8b465ee728b)  -> (artifact id: '937af981375ba51d713681855e2d8f9d') in 0.023087 seconds
Number of updated asset objects reloaded before import = 0
Number of asset objects unloaded after import = 3
========================================================================
Received Import Request.
  Time since last request: 8.518940 seconds.
  path: Assets/Art/2D RPG mystic woods sprites/tilesets/decor_16x16.png
  artifactKey: Guid(11bf74aa0df2387499a10d0c2b40ff0b) Importer(815301076,1909f56bfc062723c751e8b465ee728b)
Start importing Assets/Art/2D RPG mystic woods sprites/tilesets/decor_16x16.png using Guid(11bf74aa0df2387499a10d0c2b40ff0b) Importer(815301076,1909f56bfc062723c751e8b465ee728b)  -> (artifact id: '6239fee939a7018d15c7d42fe71be195') in 0.027052 seconds
Number of updated asset objects reloaded before import = 0
Number of asset objects unloaded after import = 3
========================================================================
Received Import Request.
  Time since last request: 0.000023 seconds.
  path: Assets/Art/2D RPG mystic woods sprites/tilesets/plains.png
  artifactKey: Guid(9c3c179c810751d48bea562c914e82a8) Importer(815301076,1909f56bfc062723c751e8b465ee728b)
Start importing Assets/Art/2D RPG mystic woods sprites/tilesets/plains.png using Guid(9c3c179c810751d48bea562c914e82a8) Importer(815301076,1909f56bfc062723c751e8b465ee728b)  -> (artifact id: '3e6c300f4432570c8785ff64c427821c') in 0.024513 seconds
Number of updated asset objects reloaded before import = 0
Number of asset objects unloaded after import = 3
========================================================================
Received Import Request.
  Time since last request: 0.000025 seconds.
  path: Assets/Art/2D RPG mystic woods sprites/tilesets/water2.png
  artifactKey: Guid(344673c012eb39a42b3602e653a87035) Importer(815301076,1909f56bfc062723c751e8b465ee728b)
Start importing Assets/Art/2D RPG mystic woods sprites/tilesets/water2.png using Guid(344673c012eb39a42b3602e653a87035) Importer(815301076,1909f56bfc062723c751e8b465ee728b)  -> (artifact id: 'b6df49c2f1d4b907bb225fa929d1b89f') in 0.020897 seconds
Number of updated asset objects reloaded before import = 0
Number of asset objects unloaded after import = 3
========================================================================
Received Import Request.
  Time since last request: 0.000015 seconds.
  path: Assets/Art/2D RPG mystic woods sprites/tilesets/water6.png
  artifactKey: Guid(dc90f75e785274a4ca127d8c0ff51d46) Importer(815301076,1909f56bfc062723c751e8b465ee728b)
Start importing Assets/Art/2D RPG mystic woods sprites/tilesets/water6.png using Guid(dc90f75e785274a4ca127d8c0ff51d46) Importer(815301076,1909f56bfc062723c751e8b465ee728b)  -> (artifact id: '79bfc3bb872f91d19c81dc76a6c7ccd2') in 0.025295 seconds
Number of updated asset objects reloaded before import = 0
Number of asset objects unloaded after import = 3
========================================================================
Received Import Request.
  Time since last request: 0.000019 seconds.
  path: Assets/Art/2D RPG mystic woods sprites/tilesets/water_lillies.png
  artifactKey: Guid(20429b7d2a5197c45ba2061836738ddb) Importer(815301076,1909f56bfc062723c751e8b465ee728b)
Start importing Assets/Art/2D RPG mystic woods sprites/tilesets/water_lillies.png using Guid(20429b7d2a5197c45ba2061836738ddb) Importer(815301076,1909f56bfc062723c751e8b465ee728b)  -> (artifact id: 'ae7edb2b93fabdc9589b23ea80f7224c') in 0.023566 seconds
Number of updated asset objects reloaded before import = 0
Number of asset objects unloaded after import = 3
Editor requested this worker to shutdown with reason: Scaling down because of idle timeout
TcpMessagingSession - receive error: operation aborted. errorcode: 995, details: Η λειτουργία εισόδου/εξόδου ματαιώθηκε εξαιτίας μιας εξόδου από το νήμα ή μιας αίτησης από κάποια εφαρμογή.
AssetImportWorker is now disconnected from the server
Process exiting
Exiting without the bug reporter. Application will terminate with return code 0